<?xml version="1.0" encoding="UTF-8"?>
<testsuite xmlns:xsi="http://www.w3.org/2001/XMLSchema-instance" xsi:noNamespaceSchemaLocation="https://maven.apache.org/surefire/maven-surefire-plugin/xsd/surefire-test-report-3.0.xsd" version="3.0" name="TestSuite" time="9.343" tests="6" errors="0" skipped="0" failures="0">
  <properties>
[...]
</properties>
  <testcase name="runScenario[&quot;Validate the ID of a given city&quot;, &quot;Optional[Test Feature File]&quot;](1)" classname="RunCucumberTest" time="4.346">
    <system-out><![CDATA[The ID for City: Atlanta of 4180439 is valid.
]]></system-out>
  </testcase>
  <testcase name="runScenario[&quot;Validate the ID of a given city&quot;, &quot;Optional[Test Feature File]&quot;](2)" classname="RunCucumberTest" time="0.28">
    <system-out><![CDATA[The ID for City: Savannah of 4221552 is valid.
]]></system-out>
  </testcase>
  <testcase name="runScenario[&quot;Validate the ID of a given city&quot;, &quot;Optional[Test Feature File]&quot;](3)" classname="RunCucumberTest" time="0.263">
    <system-out><![CDATA[The ID for City: Nashville of 4644585 is valid.
]]></system-out>
  </testcase>
  <testcase name="runScenario[&quot;Validate status code of 200 for valid zip code&quot;, &quot;Optional[Test Feature File]&quot;](4)" classname="RunCucumberTest" time="0.506"/>
  <testcase name="runScenario[&quot;Validate status code of 200 for valid zip code&quot;, &quot;Optional[Test Feature File]&quot;](5)" classname="RunCucumberTest" time="0.48"/>
  <testcase name="runScenario[&quot;Validate status code of 200 for valid zip code&quot;, &quot;Optional[Test Feature File]&quot;](6)" classname="RunCucumberTest" time="0.33"/>
</testsuite>